Arguments: 
  /usr/local/bin/node /opt/yarn-v1.5.1/bin/yarn.js setup

PATH: 
  /usr/local/sbin:/usr/local/bin:/usr/sbin:/usr/bin:/sbin:/bin

Yarn version: 
  1.5.1

Node version: 
  8.11.1

Platform: 
  linux x64

npm manifest: 
  {
      "name": "geography_setup",
      "version": "0.0.1",
      "description": "",
      "scripts": {
          "setup": "node index.js"
      },
      "dependencies": {
          "eth-ens-namehash": "^2.0.8"
      }
  }

yarn manifest: 
  No manifest

Lockfile: 
  # THIS IS AN AUTOGENERATED FILE. DO NOT EDIT THIS FILE DIRECTLY.
  # yarn lockfile v1
  
  
  eth-ens-namehash@^2.0.8:
    version "2.0.8"
    resolved "https://registry.yarnpkg.com/eth-ens-namehash/-/eth-ens-namehash-2.0.8.tgz#229ac46eca86d52e0c991e7cb2aef83ff0f68bcf"
    dependencies:
      idna-uts46-hx "^2.3.1"
      js-sha3 "^0.5.7"
  
  idna-uts46-hx@^2.3.1:
    version "2.3.1"
    resolved "https://registry.yarnpkg.com/idna-uts46-hx/-/idna-uts46-hx-2.3.1.tgz#a1dc5c4df37eee522bf66d969cc980e00e8711f9"
    dependencies:
      punycode "2.1.0"
  
  js-sha3@^0.5.7:
    version "0.5.7"
    resolved "https://registry.yarnpkg.com/js-sha3/-/js-sha3-0.5.7.tgz#0d4ffd8002d5333aabaf4a23eed2f6374c9f28e7"
  
  punycode@2.1.0:
    version "2.1.0"
    resolved "https://registry.yarnpkg.com/punycode/-/punycode-2.1.0.tgz#5f863edc89b96db09074bad7947bf09056ca4e7d"

Trace: 
  Error: Command failed.
  Exit code: 1
  Command: sh
  Arguments: -c node index.js
  Directory: /setup
  Output:
  
      at ProcessTermError.MessageError (/opt/yarn-v1.5.1/lib/cli.js:186:110)
      at new ProcessTermError (/opt/yarn-v1.5.1/lib/cli.js:226:113)
      at ChildProcess.<anonymous> (/opt/yarn-v1.5.1/lib/cli.js:30281:17)
      at emitTwo (events.js:126:13)
      at ChildProcess.emit (events.js:214:7)
      at maybeClose (internal/child_process.js:925:16)
      at Process.ChildProcess._handle.onexit (internal/child_process.js:209:5)
